<?xml version="1.0" encoding="UTF-8"?>
<testsuite name="com.bbs.restapi.RestApiApplicationTests" tests="1" skipped="0" failures="0" errors="0" timestamp="2017-10-04T12:05:37" hostname="ttlm-aboutin" time="0.057">
  <properties/>
  <testcase name="contextLoads" classname="com.bbs.restapi.RestApiApplicationTests" time="0.057"/>
  <system-out><![CDATA[08:05:35.379 [Test worker] DEBUG org.springframework.test.context.junit4.SpringJUnit4ClassRunner - SpringJUnit4ClassRunner constructor called with [class com.bbs.restapi.RestApiApplicationTests]
08:05:35.384 [Test worker] DEBUG org.springframework.test.context.BootstrapUtils - Instantiating CacheAwareContextLoaderDelegate from class [org.springframework.test.context.cache.DefaultCacheAwareContextLoaderDelegate]
08:05:35.390 [Test worker] DEBUG org.springframework.test.context.BootstrapUtils - Instantiating BootstrapContext using constructor [public org.springframework.test.context.support.DefaultBootstrapContext(java.lang.Class,org.springframework.test.context.CacheAwareContextLoaderDelegate)]
08:05:35.402 [Test worker] DEBUG org.springframework.test.context.BootstrapUtils - Instantiating TestContextBootstrapper for test class [com.bbs.restapi.RestApiApplicationTests] from class [org.springframework.boot.test.context.SpringBootTestContextBootstrapper]
08:05:35.411 [Test worker] INFO org.springframework.boot.test.context.SpringBootTestContextBootstrapper - Neither @ContextConfiguration nor @ContextHierarchy found for test class [com.bbs.restapi.RestApiApplicationTests], using SpringBootContextLoader
08:05:35.414 [Test worker] DEBUG org.springframework.test.context.support.AbstractContextLoader - Did not detect default resource location for test class [com.bbs.restapi.RestApiApplicationTests]: class path resource [com/bbs/restapi/RestApiApplicationTests-context.xml] does not exist
08:05:35.415 [Test worker] DEBUG org.springframework.test.context.support.AbstractContextLoader - Did not detect default resource location for test class [com.bbs.restapi.RestApiApplicationTests]: class path resource [com/bbs/restapi/RestApiApplicationTestsContext.groovy] does not exist
08:05:35.415 [Test worker] INFO org.springframework.test.context.support.AbstractContextLoader - Could not detect default resource locations for test class [com.bbs.restapi.RestApiApplicationTests]: no resource found for suffixes {-context.xml, Context.groovy}.
08:05:35.415 [Test worker] INFO org.springframework.test.context.support.AnnotationConfigContextLoaderUtils - Could not detect default configuration classes for test class [com.bbs.restapi.RestApiApplicationTests]: RestApiApplicationTests does not declare any static, non-private, non-final, nested classes annotated with @Configuration.
08:05:35.449 [Test worker] DEBUG org.springframework.test.context.support.ActiveProfilesUtils - Could not find an 'annotation declaring class' for annotation type [org.springframework.test.context.ActiveProfiles] and class [com.bbs.restapi.RestApiApplicationTests]
08:05:35.455 [Test worker] DEBUG org.springframework.core.env.StandardEnvironment - Adding PropertySource 'systemProperties' with lowest search precedence
08:05:35.456 [Test worker] DEBUG org.springframework.core.env.StandardEnvironment - Adding PropertySource 'systemEnvironment' with lowest search precedence
08:05:35.457 [Test worker] DEBUG org.springframework.core.env.StandardEnvironment - Initialized StandardEnvironment with PropertySources [MapPropertySource@1018281202 {name='systemProperties', properties={java.runtime.name=Java(TM) SE Runtime Environment, sun.boot.library.path=/Library/Java/JavaVirtualMachines/jdk1.8.0_111.jdk/Contents/Home/jre/lib, java.vm.version=25.111-b14, gopherProxySet=false, java.vm.vendor=Oracle Corporation, java.vendor.url=http://java.oracle.com/, path.separator=:, java.vm.name=Java HotSpot(TM) 64-Bit Server VM, file.encoding.pkg=sun.io, sun.java.launcher=SUN_STANDARD, user.country=US, sun.os.patch.level=unknown, java.vm.specification.name=Java Virtual Machine Specification, user.dir=/Users/aboutin/skeleton/api, java.runtime.version=1.8.0_111-b14, java.awt.graphicsenv=sun.awt.CGraphicsEnvironment, java.endorsed.dirs=/Library/Java/JavaVirtualMachines/jdk1.8.0_111.jdk/Contents/Home/jre/lib/endorsed, os.arch=x86_64, java.io.tmpdir=/var/folders/dj/qd3n56_n37l11k57m1f853hjjm04lf/T/, line.separator=
, java.vm.specification.vendor=Oracle Corporation, user.variant=, os.name=Mac OS X, sun.jnu.encoding=UTF-8, java.library.path=/Users/aboutin/Library/Java/Extensions:/Library/Java/Extensions:/Network/Library/Java/Extensions:/System/Library/Java/Extensions:/usr/lib/java:., java.specification.name=Java Platform API Specification, java.class.version=52.0, org.gradle.native=false, sun.management.compiler=HotSpot 64-Bit Tiered Compilers, os.version=10.12, http.nonProxyHosts=local|*.local|169.254/16|*.169.254/16, user.home=/Users/aboutin, user.timezone=America/New_York, java.awt.printerjob=sun.lwawt.macosx.CPrinterJob, file.encoding=UTF-8, java.specification.version=1.8, java.class.path=/Users/aboutin/skeleton/api/build/classes/java/test:/Users/aboutin/skeleton/api/build/resources/test:/Users/aboutin/skeleton/api/build/classes/java/main:/Users/aboutin/skeleton/api/build/resources/main:/Users/aboutin/.gradle/caches/modules-2/files-2.1/org.postgresql/postgresql/42.1.4/1c7788d16b67d51f2f38ae99e474ece968bf715a/postgresql-42.1.4.jar:/Users/aboutin/.gradle/caches/modules-2/files-2.1/org.springframework.boot/spring-boot-starter-web/2.0.0.M4/b43468c97c2ffde31470a6b87064bc633e10f8ec/spring-boot-starter-web-2.0.0.M4.jar:/Users/aboutin/.gradle/caches/modules-2/files-2.1/org.springframework.boot/spring-boot-starter-test/2.0.0.M4/345ab82eb3054fe7baf7226dfa1b14a2d8816329/spring-boot-starter-test-2.0.0.M4.jar:/Users/aboutin/.gradle/caches/modules-2/files-2.1/org.springframework.boot/spring-boot-starter-jdbc/2.0.0.M4/ce41ed9d9e12f87342a5447c4ac6f009506b2ca/spring-boot-starter-jdbc-2.0.0.M4.jar:/Users/aboutin/.gradle/caches/modules-2/files-2.1/org.springframework.boot/spring-boot-starter-json/2.0.0.M4/a013d61ffdba5cac7159a98df179638fcdb792cb/spring-boot-starter-json-2.0.0.M4.jar:/Users/aboutin/.gradle/caches/modules-2/files-2.1/org.springframework.boot/spring-boot-starter/2.0.0.M4/db46948efde9adbe5ec9114e6f3e861eb88f6536/spring-boot-starter-2.0.0.M4.jar:/Users/aboutin/.gradle/caches/modules-2/files-2.1/org.springframework.boot/spring-boot-starter-tomcat/2.0.0.M4/d635f5b039a55a466706c0509bffba70289320e7/spring-boot-starter-tomcat-2.0.0.M4.jar:/Users/aboutin/.gradle/caches/modules-2/files-2.1/org.hibernate/hibernate-validator/5.4.1.Final/fc71e53520e1030d278f682b796c88265b94c699/hibernate-validator-5.4.1.Final.jar:/Users/aboutin/.gradle/caches/modules-2/files-2.1/org.springframework/spring-webmvc/5.0.0.RC4/754d0d8feb2b7fcd369527f65a99bc22032e988d/spring-webmvc-5.0.0.RC4.jar:/Users/aboutin/.gradle/caches/modules-2/files-2.1/org.springframework/spring-web/5.0.0.RC4/cf27c3bc21695051660cc1c318d00ee28b44200/spring-web-5.0.0.RC4.jar:/Users/aboutin/.gradle/caches/modules-2/files-2.1/org.springframework.boot/spring-boot-test-autoconfigure/2.0.0.M4/bec16c238df0a767769746cc14b80bffd44776fa/spring-boot-test-autoconfigure-2.0.0.M4.jar:/Users/aboutin/.gradle/caches/modules-2/files-2.1/org.springframework.boot/spring-boot-test/2.0.0.M4/33e5a8069d6d88b927747c06f054a9406dd56b5c/spring-boot-test-2.0.0.M4.jar:/Users/aboutin/.gradle/caches/modules-2/files-2.1/com.jayway.jsonpath/json-path/2.4.0/765a4401ceb2dc8d40553c2075eb80a8fa35c2ae/json-path-2.4.0.jar:/Users/aboutin/.gradle/caches/modules-2/files-2.1/junit/junit/4.12/2973d150c0dc1fefe998f834810d68f278ea58ec/junit-4.12.jar:/Users/aboutin/.gradle/caches/modules-2/files-2.1/org.assertj/assertj-core/3.8.0/b209d90ff2e279bee3e02547ee7b11349c52d0e3/assertj-core-3.8.0.jar:/Users/aboutin/.gradle/caches/modules-2/files-2.1/org.mockito/mockito-core/2.9.0/f28b9606eca8da77e10df30a7e301f589733143e/mockito-core-2.9.0.jar:/Users/aboutin/.gradle/caches/modules-2/files-2.1/org.hamcrest/hamcrest-library/1.3/4785a3c21320980282f9f33d0d1264a69040538f/hamcrest-library-1.3.jar:/Users/aboutin/.gradle/caches/modules-2/files-2.1/org.hamcrest/hamcrest-core/1.3/42a25dc3219429f0e5d060061f71acb49bf010a0/hamcrest-core-1.3.jar:/Users/aboutin/.gradle/caches/modules-2/files-2.1/org.skyscreamer/jsonassert/1.5.0/6c9d5fe2f59da598d9aefc1cfc6528ff3cf32df3/jsonassert-1.5.0.jar:/Users/aboutin/.gradle/caches/modules-2/files-2.1/org.springframework/spring-test/5.0.0.RC4/c4b3806408c392ae782896f13249518565fb8814/spring-test-5.0.0.RC4.jar:/Users/aboutin/.gradle/caches/modules-2/files-2.1/org.springframework/spring-jdbc/5.0.0.RC4/b70f95cb51ceab6e86e325bc0d2032cc303e9876/spring-jdbc-5.0.0.RC4.jar:/Users/aboutin/.gradle/caches/modules-2/files-2.1/org.springframework.boot/spring-boot-autoconfigure/2.0.0.M4/8c28e5399cb6189a41ebbaea9fdc2de965fe443d/spring-boot-autoconfigure-2.0.0.M4.jar:/Users/aboutin/.gradle/caches/modules-2/files-2.1/org.springframework.boot/spring-boot/2.0.0.M4/56c04c9f6a00dbbc3168b7878281054f89710ca8/spring-boot-2.0.0.M4.jar:/Users/aboutin/.gradle/caches/modules-2/files-2.1/org.springframework/spring-context/5.0.0.RC4/cddda6e9ec8832b4bfbbf1896dd66c2dce1411e9/spring-context-5.0.0.RC4.jar:/Users/aboutin/.gradle/caches/modules-2/files-2.1/org.springframework/spring-aop/5.0.0.RC4/d99ef31ffe80090a571bcb9d1e3c5afe3277cc47/spring-aop-5.0.0.RC4.jar:/Users/aboutin/.gradle/caches/modules-2/files-2.1/org.springframework/spring-tx/5.0.0.RC4/ab83aed3ea6d5fc54198e4df993750c646b1dee2/spring-tx-5.0.0.RC4.jar:/Users/aboutin/.gradle/caches/modules-2/files-2.1/org.springframework/spring-beans/5.0.0.RC4/79402ff116f0606a00759c5ca15d160bf585e9b3/spring-beans-5.0.0.RC4.jar:/Users/aboutin/.gradle/caches/modules-2/files-2.1/org.springframework/spring-expression/5.0.0.RC4/3ca598b777aaac8d85885d45bd48ec505139b2b3/spring-expression-5.0.0.RC4.jar:/Users/aboutin/.gradle/caches/modules-2/files-2.1/org.springframework/spring-core/5.0.0.RC4/b3eb9c84526ee5dccf59cc2fd14be4ac5d954f4e/spring-core-5.0.0.RC4.jar:/Users/aboutin/.gradle/caches/modules-2/files-2.1/com.zaxxer/HikariCP/2.7.1/5492f5fd78d3bf8df83e14ad996aa1077b594040/HikariCP-2.7.1.jar:/Users/aboutin/.gradle/caches/modules-2/files-2.1/org.springframework.boot/spring-boot-starter-logging/2.0.0.M4/df32b4ae1d8281df491014260e4337a5a00e5d5e/spring-boot-starter-logging-2.0.0.M4.jar:/Users/aboutin/.gradle/caches/modules-2/files-2.1/javax.annotation/javax.annotation-api/1.3/67747496d8b5c1f300ed3cde4ba69d6f453ba984/javax.annotation-api-1.3.jar:/Users/aboutin/.gradle/caches/modules-2/files-2.1/org.yaml/snakeyaml/1.18/e4a441249ade301985cb8d009d4e4a72b85bf68e/snakeyaml-1.18.jar:/Users/aboutin/.gradle/caches/modules-2/files-2.1/com.fasterxml.jackson.datatype/jackson-datatype-jdk8/2.9.1/dc5c9b4349c1c18388aa1ec5a9264e6893b732a8/jackson-datatype-jdk8-2.9.1.jar:/Users/aboutin/.gradle/caches/modules-2/files-2.1/com.fasterxml.jackson.datatype/jackson-datatype-jsr310/2.9.1/dbac0f60c8ea8c6e6cc6a761c0d8f300296fcf3d/jackson-datatype-jsr310-2.9.1.jar:/Users/aboutin/.gradle/caches/modules-2/files-2.1/com.fasterxml.jackson.module/jackson-module-parameter-names/2.9.1/df51ae82d0878f62f7bdcbd47d423e3cde04b3ef/jackson-module-parameter-names-2.9.1.jar:/Users/aboutin/.gradle/caches/modules-2/files-2.1/com.fasterxml.jackson.module/jackson-module-kotlin/2.9.1/cf37d75de23b87a664ea0b497b04fc601a783f2a/jackson-module-kotlin-2.9.1.jar:/Users/aboutin/.gradle/caches/modules-2/files-2.1/com.fasterxml.jackson.core/jackson-databind/2.9.1/716da1830a2043f18882fc036ec26eb32cbe5aff/jackson-databind-2.9.1.jar:/Users/aboutin/.gradle/caches/modules-2/files-2.1/org.apache.tomcat.embed/tomcat-embed-websocket/8.5.20/4df9055507926a2651f691cc9964c50493a0ab29/tomcat-embed-websocket-8.5.20.jar:/Users/aboutin/.gradle/caches/modules-2/files-2.1/org.apache.tomcat.embed/tomcat-embed-core/8.5.20/b9026ee20f1f6a2b0fc3e51dd806d800901448b0/tomcat-embed-core-8.5.20.jar:/Users/aboutin/.gradle/caches/modules-2/files-2.1/org.apache.tomcat.embed/tomcat-embed-el/8.5.20/42960f481a8a80f4ffd3b865c2232820e3565bf1/tomcat-embed-el-8.5.20.jar:/Users/aboutin/.gradle/caches/modules-2/files-2.1/javax.validation/validation-api/1.1.0.Final/8613ae82954779d518631e05daa73a6a954817d5/validation-api-1.1.0.Final.jar:/Users/aboutin/.gradle/caches/modules-2/files-2.1/org.jboss.logging/jboss-logging/3.3.1.Final/c46217ab74b532568c0ed31dc599db3048bd1b67/jboss-logging-3.3.1.Final.jar:/Users/aboutin/.gradle/caches/modules-2/files-2.1/com.fasterxml/classmate/1.3.4/3d5f48f10bbe4eb7bd862f10c0583be2e0053c6/classmate-1.3.4.jar:/Users/aboutin/.gradle/caches/modules-2/files-2.1/net.minidev/json-smart/2.3/7396407491352ce4fa30de92efb158adb76b5b/json-smart-2.3.jar:/Users/aboutin/.gradle/caches/modules-2/files-2.1/ch.qos.logback/logback-classic/1.2.3/7c4f3c474fb2c041d8028740440937705ebb473a/logback-classic-1.2.3.jar:/Users/aboutin/.gradle/caches/modules-2/files-2.1/org.slf4j/jul-to-slf4j/1.7.25/af5364cd6679bfffb114f0dec8a157aaa283b76/jul-to-slf4j-1.7.25.jar:/Users/aboutin/.gradle/caches/modules-2/files-2.1/org.slf4j/log4j-over-slf4j/1.7.25/a87bb47468f47ee7aabbd54f93e133d4215769c3/log4j-over-slf4j-1.7.25.jar:/Users/aboutin/.gradle/caches/modules-2/files-2.1/org.slf4j/slf4j-api/1.7.25/da76ca59f6a57ee3102f8f9bd9cee742973efa8a/slf4j-api-1.7.25.jar:/Users/aboutin/.gradle/caches/modules-2/files-2.1/net.bytebuddy/byte-buddy/1.7.5/baf12b76298eed6a244d9a4de6b5c3baa27ffa0e/byte-buddy-1.7.5.jar:/Users/aboutin/.gradle/caches/modules-2/files-2.1/net.bytebuddy/byte-buddy-agent/1.7.5/a1b09c42c7d94a3e6e18da0155fcb4067327f199/byte-buddy-agent-1.7.5.jar:/Users/aboutin/.gradle/caches/modules-2/files-2.1/org.objenesis/objenesis/2.6/639033469776fd37c08358c6b92a4761feb2af4b/objenesis-2.6.jar:/Users/aboutin/.gradle/caches/modules-2/files-2.1/com.vaadin.external.google/android-json/0.0.20131108.vaadin1/fa26d351fe62a6a17f5cda1287c1c6110dec413f/android-json-0.0.20131108.vaadin1.jar:/Users/aboutin/.gradle/caches/modules-2/files-2.1/org.springframework/spring-jcl/5.0.0.RC4/4bfa3091e3d3860badd2f9ef1ec14dfa0e1607dc/spring-jcl-5.0.0.RC4.jar:/Users/aboutin/.gradle/caches/modules-2/files-2.1/com.fasterxml.jackson.core/jackson-annotations/2.9.0/7c10d545325e3a6e72e06381afe469fd40eb701/jackson-annotations-2.9.0.jar:/Users/aboutin/.gradle/caches/modules-2/files-2.1/com.fasterxml.jackson.core/jackson-core/2.9.1/60077fe98b11e4e7cf8af9b20609326a166d6ac4/jackson-core-2.9.1.jar:/Users/aboutin/.gradle/caches/modules-2/files-2.1/net.minidev/accessors-smart/1.2/c592b500269bfde36096641b01238a8350f8aa31/accessors-smart-1.2.jar:/Users/aboutin/.gradle/caches/modules-2/files-2.1/ch.qos.logback/logback-core/1.2.3/864344400c3d4d92dfeb0a305dc87d953677c03c/logback-core-1.2.3.jar:/Users/aboutin/.gradle/caches/modules-2/files-2.1/org.ow2.asm/asm/5.0.4/da08b8cce7bbf903602a25a3a163ae252435795/asm-5.0.4.jar, user.name=aboutin, java.vm.specification.version=1.8, sun.java.command=worker.org.gradle.process.internal.worker.GradleWorkerMain 'Gradle Test Executor 1', java.home=/Library/Java/JavaVirtualMachines/jdk1.8.0_111.jdk/Contents/Home/jre, sun.arch.data.model=64, user.language=en, java.specification.vendor=Oracle Corporation, awt.toolkit=sun.lwawt.macosx.LWCToolkit, java.vm.info=mixed mode, java.version=1.8.0_111, java.ext.dirs=/Users/aboutin/Library/Java/Extensions:/Library/Java/JavaVirtualMachines/jdk1.8.0_111.jdk/Contents/Home/jre/lib/ext:/Library/Java/Extensions:/Network/Library/Java/Extensions:/System/Library/Java/Extensions:/usr/lib/java, sun.boot.class.path=/Library/Java/JavaVirtualMachines/jdk1.8.0_111.jdk/Contents/Home/jre/lib/resources.jar:/Library/Java/JavaVirtualMachines/jdk1.8.0_111.jdk/Contents/Home/jre/lib/rt.jar:/Library/Java/JavaVirtualMachines/jdk1.8.0_111.jdk/Contents/Home/jre/lib/sunrsasign.jar:/Library/Java/JavaVirtualMachines/jdk1.8.0_111.jdk/Contents/Home/jre/lib/jsse.jar:/Library/Java/JavaVirtualMachines/jdk1.8.0_111.jdk/Contents/Home/jre/lib/jce.jar:/Library/Java/JavaVirtualMachines/jdk1.8.0_111.jdk/Contents/Home/jre/lib/charsets.jar:/Library/Java/JavaVirtualMachines/jdk1.8.0_111.jdk/Contents/Home/jre/lib/jfr.jar:/Library/Java/JavaVirtualMachines/jdk1.8.0_111.jdk/Contents/Home/jre/classes, java.vendor=Oracle Corporation, org.gradle.test.worker=1, file.separator=/, java.vendor.url.bug=http://bugreport.sun.com/bugreport/, sun.io.unicode.encoding=UnicodeBig, sun.cpu.endian=little, socksNonProxyHosts=local|*.local|169.254/16|*.169.254/16, ftp.nonProxyHosts=local|*.local|169.254/16|*.169.254/16, sun.cpu.isalist=}}, SystemEnvironmentPropertySource@2052814522 {name='systemEnvironment', properties={PATH=/Users/aboutin/.rvm/gems/ruby-2.2.6/bin:/Users/aboutin/.rvm/gems/ruby-2.2.6@global/bin:/Users/aboutin/.rvm/rubies/ruby-2.2.6/bin:/usr/local/bin:/usr/bin:/bin:/usr/sbin:/sbin:/usr/local/munki:/Users/aboutin/.rvm/gems/ruby-2.2.6/bin:/Users/aboutin/.rvm/gems/ruby-2.2.6@global/bin:/Users/aboutin/.rvm/rubies/ruby-2.2.6/bin:/Users/aboutin/.rvm/bin:/Users/aboutin/.rvm/bin, IRBRC=/Users/aboutin/.rvm/rubies/ruby-2.2.6/.irbrc, JAVA_MAIN_CLASS_3062=worker.org.gradle.process.internal.worker.GradleWorkerMain, _system_arch=x86_64, rvm_bin_path=/Users/aboutin/.rvm/bin, WORKON_HOME=/Users/aboutin/.virtualenvs, JAVA_HOME=/Library/Java/JavaVirtualMachines/jdk1.8.0_111.jdk/Contents/Home, TERM=xterm-256color, rvm_prefix=/Users/aboutin, COMMAND_MODE=unix2003, VIRTUALENVWRAPPER_SCRIPT=/usr/local/bin/virtualenvwrapper.sh, rvm_loaded_flag=1, VIRTUALENVWRAPPER_WORKON_CD=1, LOGNAME=aboutin, rvm_version=1.28.0 (latest), XPC_SERVICE_NAME=0, PWD=/Users/aboutin/skeleton/api, VIRTUALENVWRAPPER_VIRTUALENV_ARGS=--no-site-packages, rvm_user_install_flag=1, JAVA_MAIN_CLASS_3051=org.gradle.wrapper.GradleWrapperMain, SHELL=/bin/bash, _system_type=Darwin, MY_RUBY_HOME=/Users/aboutin/.rvm/rubies/ruby-2.2.6, SECURITYSESSIONID=186a7, _system_version=10.12, OLDPWD=/Users/aboutin/skeleton/api, VIRTUALENVWRAPPER_HOOK_DIR=/Users/aboutin/.virtualenvs, USER=aboutin, GEM_HOME=/Users/aboutin/.rvm/gems/ruby-2.2.6, APP_ICON_3051=/Users/aboutin/skeleton/api/media/gradle.icns, PIP_RESPECT_VIRTUALENV=true, rvm_path=/Users/aboutin/.rvm, TMPDIR=/var/folders/dj/qd3n56_n37l11k57m1f853hjjm04lf/T/, rvm_stored_umask=0022, SSH_AUTH_SOCK=/private/tmp/com.apple.launchd.7VaApOHCvR/Listeners, RUBY_VERSION=ruby-2.2.6, GEM_PATH=/Users/aboutin/.rvm/gems/ruby-2.2.6:/Users/aboutin/.rvm/gems/ruby-2.2.6@global, XPC_FLAGS=0x0, VIRTUALENVWRAPPER_PROJECT_FILENAME=.project, _system_name=OSX, APP_NAME_3051=Gradle, __CF_USER_TEXT_ENCODING=0x6340126E:0x0:0x0, Apple_PubSub_Socket_Render=/private/tmp/com.apple.launchd.JCpVLn1XNB/Render, PIP_VIRTUALENV_BASE=/Users/aboutin/.virtualenvs, LC_CTYPE=en_US.UTF-8, SHLVL=1, HOME=/Users/aboutin}}]
08:05:35.467 [Test worker] DEBUG org.springframework.core.io.support.PathMatchingResourcePatternResolver - Resolved classpath location [com/bbs/restapi/] to resources [URL [file:/Users/aboutin/skeleton/api/build/classes/java/test/com/bbs/restapi/], URL [file:/Users/aboutin/skeleton/api/build/classes/java/main/com/bbs/restapi/]]
08:05:35.468 [Test worker] DEBUG org.springframework.core.io.support.PathMatchingResourcePatternResolver - Looking for matching resources in directory tree [/Users/aboutin/skeleton/api/build/classes/java/test/com/bbs/restapi]
08:05:35.468 [Test worker] DEBUG org.springframework.core.io.support.PathMatchingResourcePatternResolver - Searching directory [/Users/aboutin/skeleton/api/build/classes/java/test/com/bbs/restapi] for files matching pattern [/Users/aboutin/skeleton/api/build/classes/java/test/com/bbs/restapi/*.class]
08:05:35.470 [Test worker] DEBUG org.springframework.core.io.support.PathMatchingResourcePatternResolver - Looking for matching resources in directory tree [/Users/aboutin/skeleton/api/build/classes/java/main/com/bbs/restapi]
08:05:35.470 [Test worker] DEBUG org.springframework.core.io.support.PathMatchingResourcePatternResolver - Searching directory [/Users/aboutin/skeleton/api/build/classes/java/main/com/bbs/restapi] for files matching pattern [/Users/aboutin/skeleton/api/build/classes/java/main/com/bbs/restapi/*.class]
08:05:35.472 [Test worker] DEBUG org.springframework.core.io.support.PathMatchingResourcePatternResolver - Resolved location pattern [classpath*:com/bbs/restapi/*.class] to resources [file [/Users/aboutin/skeleton/api/build/classes/java/test/com/bbs/restapi/RestApiApplicationTests.class], file [/Users/aboutin/skeleton/api/build/classes/java/main/com/bbs/restapi/AppConfig$1.class], file [/Users/aboutin/skeleton/api/build/classes/java/main/com/bbs/restapi/AppConfig.class], file [/Users/aboutin/skeleton/api/build/classes/java/main/com/bbs/restapi/Controller.class], file [/Users/aboutin/skeleton/api/build/classes/java/main/com/bbs/restapi/ExceptionController.class], file [/Users/aboutin/skeleton/api/build/classes/java/main/com/bbs/restapi/RestApiApplication.class], file [/Users/aboutin/skeleton/api/build/classes/java/main/com/bbs/restapi/Technology.class], file [/Users/aboutin/skeleton/api/build/classes/java/main/com/bbs/restapi/TechnologyDao$1.class], file [/Users/aboutin/skeleton/api/build/classes/java/main/com/bbs/restapi/TechnologyDao.class], file [/Users/aboutin/skeleton/api/build/classes/java/main/com/bbs/restapi/TechnologyNotFoundException.class], file [/Users/aboutin/skeleton/api/build/classes/java/main/com/bbs/restapi/TechnologyService.class]]
08:05:35.533 [Test worker] DEBUG org.springframework.context.annotation.ClassPathScanningCandidateComponentProvider - Identified candidate component class: file [/Users/aboutin/skeleton/api/build/classes/java/main/com/bbs/restapi/RestApiApplication.class]
08:05:35.538 [Test worker] INFO org.springframework.boot.test.context.SpringBootTestContextBootstrapper - Found @SpringBootConfiguration com.bbs.restapi.RestApiApplication for test class com.bbs.restapi.RestApiApplicationTests
08:05:35.645 [Test worker] DEBUG org.springframework.boot.test.context.SpringBootTestContextBootstrapper - @TestExecutionListeners is not present for class [com.bbs.restapi.RestApiApplicationTests]: using defaults.
08:05:35.645 [Test worker] INFO org.springframework.boot.test.context.SpringBootTestContextBootstrapper - Loaded default TestExecutionListener class names from location [META-INF/spring.factories]: [org.springframework.boot.test.autoconfigure.restdocs.RestDocsTestExecutionListener, org.springframework.boot.test.autoconfigure.web.client.MockRestServiceServerResetTestExecutionListener, org.springframework.boot.test.autoconfigure.web.servlet.MockMvcPrintOnlyOnFailureTestExecutionListener, org.springframework.boot.test.autoconfigure.web.servlet.WebDriverTestExecutionListener, org.springframework.boot.test.mock.mockito.MockitoTestExecutionListener, org.springframework.boot.test.mock.mockito.ResetMocksTestExecutionListener, org.springframework.test.context.web.ServletTestExecutionListener, org.springframework.test.context.support.DirtiesContextBeforeModesTestExecutionListener, org.springframework.test.context.support.DependencyInjectionTestExecutionListener, org.springframework.test.context.support.DirtiesContextTestExecutionListener, org.springframework.test.context.transaction.TransactionalTestExecutionListener, org.springframework.test.context.jdbc.SqlScriptsTestExecutionListener]
08:05:35.658 [Test worker] INFO org.springframework.boot.test.context.SpringBootTestContextBootstrapper - Using TestExecutionListeners: [org.springframework.test.context.web.ServletTestExecutionListener@6369336d, org.springframework.test.context.support.DirtiesContextBeforeModesTestExecutionListener@11e04547, org.springframework.boot.test.autoconfigure.SpringBootDependencyInjectionTestExecutionListener@7d61c865, org.springframework.test.context.support.DirtiesContextTestExecutionListener@171ad0f6, org.springframework.test.context.transaction.TransactionalTestExecutionListener@3d426b23, org.springframework.test.context.jdbc.SqlScriptsTestExecutionListener@2e9bdbb1, org.springframework.boot.test.autoconfigure.web.client.MockRestServiceServerResetTestExecutionListener@5d4a1ce7, org.springframework.boot.test.autoconfigure.web.servlet.MockMvcPrintOnlyOnFailureTestExecutionListener@1c96fad8, org.springframework.boot.test.autoconfigure.restdocs.RestDocsTestExecutionListener@32a3811a, org.springframework.boot.test.mock.mockito.MockitoTestExecutionListener@421582ac, org.springframework.boot.test.autoconfigure.web.servlet.WebDriverTestExecutionListener@4f35032d, org.springframework.boot.test.mock.mockito.ResetMocksTestExecutionListener@645e6029]
08:05:35.659 [Test worker] DEBUG org.springframework.test.annotation.ProfileValueUtils - Retrieved @ProfileValueSourceConfiguration [null] for test class [com.bbs.restapi.RestApiApplicationTests]
08:05:35.660 [Test worker] DEBUG org.springframework.test.annotation.ProfileValueUtils - Retrieved ProfileValueSource type [class org.springframework.test.annotation.SystemProfileValueSource] for class [com.bbs.restapi.RestApiApplicationTests]
08:05:35.660 [Test worker] DEBUG org.springframework.test.annotation.ProfileValueUtils - Retrieved @ProfileValueSourceConfiguration [null] for test class [com.bbs.restapi.RestApiApplicationTests]
08:05:35.660 [Test worker] DEBUG org.springframework.test.annotation.ProfileValueUtils - Retrieved ProfileValueSource type [class org.springframework.test.annotation.SystemProfileValueSource] for class [com.bbs.restapi.RestApiApplicationTests]
08:05:35.664 [Test worker] DEBUG org.springframework.test.context.support.AbstractDirtiesContextTestExecutionListener - Before test class: context [DefaultTestContext@2f47cd3b testClass = RestApiApplicationTests, testInstance = [null], testMethod = [null], testException = [null], mergedContextConfiguration = [WebMergedContextConfiguration@6645f901 testClass = RestApiApplicationTests, locations = '{}', classes = '{class com.bbs.restapi.RestApiApplication}', contextInitializerClasses = '[]', activeProfiles = '{}', propertySourceLocations = '{}', propertySourceProperties = '{org.springframework.boot.test.context.SpringBootTestContextBootstrapper=true}', contextCustomizers = set[org.springframework.boot.test.autoconfigure.properties.PropertyMappingContextCustomizer@0, org.springframework.boot.test.autoconfigure.web.servlet.WebDriverContextCustomizerFactory$Customizer@173bf2d4, org.springframework.boot.test.context.SpringBootTestContextCustomizer@4793428b, org.springframework.boot.test.context.filter.ExcludeFilterContextCustomizer@5310c96e, org.springframework.boot.test.json.DuplicateJsonObjectContextCustomizerFactory$DuplicateJsonObjectContextCustomizer@6311140e, org.springframework.boot.test.mock.mockito.MockitoContextCustomizer@0], resourceBasePath = 'src/main/webapp', contextLoader = 'org.springframework.boot.test.context.SpringBootContextLoader', parent = [null]], attributes = map['org.springframework.test.context.web.ServletTestExecutionListener.activateListener' -> true]], class annotated with @DirtiesContext [false] with mode [null].
08:05:35.664 [Test worker] DEBUG org.springframework.test.annotation.ProfileValueUtils - Retrieved @ProfileValueSourceConfiguration [null] for test class [com.bbs.restapi.RestApiApplicationTests]
08:05:35.664 [Test worker] DEBUG org.springframework.test.annotation.ProfileValueUtils - Retrieved ProfileValueSource type [class org.springframework.test.annotation.SystemProfileValueSource] for class [com.bbs.restapi.RestApiApplicationTests]
08:05:35.677 [Test worker] DEBUG org.springframework.core.env.StandardEnvironment - Adding PropertySource 'systemProperties' with lowest search precedence
08:05:35.678 [Test worker] DEBUG org.springframework.core.env.StandardEnvironment - Adding PropertySource 'systemEnvironment' with lowest search precedence
08:05:35.678 [Test worker] DEBUG org.springframework.core.env.StandardEnvironment - Initialized StandardEnvironment with PropertySources [MapPropertySource@1820696468 {name='systemProperties', properties={java.runtime.name=Java(TM) SE Runtime Environment, sun.boot.library.path=/Library/Java/JavaVirtualMachines/jdk1.8.0_111.jdk/Contents/Home/jre/lib, java.vm.version=25.111-b14, gopherProxySet=false, java.vm.vendor=Oracle Corporation, java.vendor.url=http://java.oracle.com/, path.separator=:, java.vm.name=Java HotSpot(TM) 64-Bit Server VM, file.encoding.pkg=sun.io, sun.java.launcher=SUN_STANDARD, user.country=US, sun.os.patch.level=unknown, java.vm.specification.name=Java Virtual Machine Specification, user.dir=/Users/aboutin/skeleton/api, java.runtime.version=1.8.0_111-b14, java.awt.graphicsenv=sun.awt.CGraphicsEnvironment, java.endorsed.dirs=/Library/Java/JavaVirtualMachines/jdk1.8.0_111.jdk/Contents/Home/jre/lib/endorsed, os.arch=x86_64, java.io.tmpdir=/var/folders/dj/qd3n56_n37l11k57m1f853hjjm04lf/T/, line.separator=
, java.vm.specification.vendor=Oracle Corporation, user.variant=, os.name=Mac OS X, sun.jnu.encoding=UTF-8, java.library.path=/Users/aboutin/Library/Java/Extensions:/Library/Java/Extensions:/Network/Library/Java/Extensions:/System/Library/Java/Extensions:/usr/lib/java:., java.specification.name=Java Platform API Specification, java.class.version=52.0, org.gradle.native=false, sun.management.compiler=HotSpot 64-Bit Tiered Compilers, os.version=10.12, http.nonProxyHosts=local|*.local|169.254/16|*.169.254/16, user.home=/Users/aboutin, user.timezone=America/New_York, java.awt.printerjob=sun.lwawt.macosx.CPrinterJob, file.encoding=UTF-8, java.specification.version=1.8, java.class.path=/Users/aboutin/skeleton/api/build/classes/java/test:/Users/aboutin/skeleton/api/build/resources/test:/Users/aboutin/skeleton/api/build/classes/java/main:/Users/aboutin/skeleton/api/build/resources/main:/Users/aboutin/.gradle/caches/modules-2/files-2.1/org.postgresql/postgresql/42.1.4/1c7788d16b67d51f2f38ae99e474ece968bf715a/postgresql-42.1.4.jar:/Users/aboutin/.gradle/caches/modules-2/files-2.1/org.springframework.boot/spring-boot-starter-web/2.0.0.M4/b43468c97c2ffde31470a6b87064bc633e10f8ec/spring-boot-starter-web-2.0.0.M4.jar:/Users/aboutin/.gradle/caches/modules-2/files-2.1/org.springframework.boot/spring-boot-starter-test/2.0.0.M4/345ab82eb3054fe7baf7226dfa1b14a2d8816329/spring-boot-starter-test-2.0.0.M4.jar:/Users/aboutin/.gradle/caches/modules-2/files-2.1/org.springframework.boot/spring-boot-starter-jdbc/2.0.0.M4/ce41ed9d9e12f87342a5447c4ac6f009506b2ca/spring-boot-starter-jdbc-2.0.0.M4.jar:/Users/aboutin/.gradle/caches/modules-2/files-2.1/org.springframework.boot/spring-boot-starter-json/2.0.0.M4/a013d61ffdba5cac7159a98df179638fcdb792cb/spring-boot-starter-json-2.0.0.M4.jar:/Users/aboutin/.gradle/caches/modules-2/files-2.1/org.springframework.boot/spring-boot-starter/2.0.0.M4/db46948efde9adbe5ec9114e6f3e861eb88f6536/spring-boot-starter-2.0.0.M4.jar:/Users/aboutin/.gradle/caches/modules-2/files-2.1/org.springframework.boot/spring-boot-starter-tomcat/2.0.0.M4/d635f5b039a55a466706c0509bffba70289320e7/spring-boot-starter-tomcat-2.0.0.M4.jar:/Users/aboutin/.gradle/caches/modules-2/files-2.1/org.hibernate/hibernate-validator/5.4.1.Final/fc71e53520e1030d278f682b796c88265b94c699/hibernate-validator-5.4.1.Final.jar:/Users/aboutin/.gradle/caches/modules-2/files-2.1/org.springframework/spring-webmvc/5.0.0.RC4/754d0d8feb2b7fcd369527f65a99bc22032e988d/spring-webmvc-5.0.0.RC4.jar:/Users/aboutin/.gradle/caches/modules-2/files-2.1/org.springframework/spring-web/5.0.0.RC4/cf27c3bc21695051660cc1c318d00ee28b44200/spring-web-5.0.0.RC4.jar:/Users/aboutin/.gradle/caches/modules-2/files-2.1/org.springframework.boot/spring-boot-test-autoconfigure/2.0.0.M4/bec16c238df0a767769746cc14b80bffd44776fa/spring-boot-test-autoconfigure-2.0.0.M4.jar:/Users/aboutin/.gradle/caches/modules-2/files-2.1/org.springframework.boot/spring-boot-test/2.0.0.M4/33e5a8069d6d88b927747c06f054a9406dd56b5c/spring-boot-test-2.0.0.M4.jar:/Users/aboutin/.gradle/caches/modules-2/files-2.1/com.jayway.jsonpath/json-path/2.4.0/765a4401ceb2dc8d40553c2075eb80a8fa35c2ae/json-path-2.4.0.jar:/Users/aboutin/.gradle/caches/modules-2/files-2.1/junit/junit/4.12/2973d150c0dc1fefe998f834810d68f278ea58ec/junit-4.12.jar:/Users/aboutin/.gradle/caches/modules-2/files-2.1/org.assertj/assertj-core/3.8.0/b209d90ff2e279bee3e02547ee7b11349c52d0e3/assertj-core-3.8.0.jar:/Users/aboutin/.gradle/caches/modules-2/files-2.1/org.mockito/mockito-core/2.9.0/f28b9606eca8da77e10df30a7e301f589733143e/mockito-core-2.9.0.jar:/Users/aboutin/.gradle/caches/modules-2/files-2.1/org.hamcrest/hamcrest-library/1.3/4785a3c21320980282f9f33d0d1264a69040538f/hamcrest-library-1.3.jar:/Users/aboutin/.gradle/caches/modules-2/files-2.1/org.hamcrest/hamcrest-core/1.3/42a25dc3219429f0e5d060061f71acb49bf010a0/hamcrest-core-1.3.jar:/Users/aboutin/.gradle/caches/modules-2/files-2.1/org.skyscreamer/jsonassert/1.5.0/6c9d5fe2f59da598d9aefc1cfc6528ff3cf32df3/jsonassert-1.5.0.jar:/Users/aboutin/.gradle/caches/modules-2/files-2.1/org.springframework/spring-test/5.0.0.RC4/c4b3806408c392ae782896f13249518565fb8814/spring-test-5.0.0.RC4.jar:/Users/aboutin/.gradle/caches/modules-2/files-2.1/org.springframework/spring-jdbc/5.0.0.RC4/b70f95cb51ceab6e86e325bc0d2032cc303e9876/spring-jdbc-5.0.0.RC4.jar:/Users/aboutin/.gradle/caches/modules-2/files-2.1/org.springframework.boot/spring-boot-autoconfigure/2.0.0.M4/8c28e5399cb6189a41ebbaea9fdc2de965fe443d/spring-boot-autoconfigure-2.0.0.M4.jar:/Users/aboutin/.gradle/caches/modules-2/files-2.1/org.springframework.boot/spring-boot/2.0.0.M4/56c04c9f6a00dbbc3168b7878281054f89710ca8/spring-boot-2.0.0.M4.jar:/Users/aboutin/.gradle/caches/modules-2/files-2.1/org.springframework/spring-context/5.0.0.RC4/cddda6e9ec8832b4bfbbf1896dd66c2dce1411e9/spring-context-5.0.0.RC4.jar:/Users/aboutin/.gradle/caches/modules-2/files-2.1/org.springframework/spring-aop/5.0.0.RC4/d99ef31ffe80090a571bcb9d1e3c5afe3277cc47/spring-aop-5.0.0.RC4.jar:/Users/aboutin/.gradle/caches/modules-2/files-2.1/org.springframework/spring-tx/5.0.0.RC4/ab83aed3ea6d5fc54198e4df993750c646b1dee2/spring-tx-5.0.0.RC4.jar:/Users/aboutin/.gradle/caches/modules-2/files-2.1/org.springframework/spring-beans/5.0.0.RC4/79402ff116f0606a00759c5ca15d160bf585e9b3/spring-beans-5.0.0.RC4.jar:/Users/aboutin/.gradle/caches/modules-2/files-2.1/org.springframework/spring-expression/5.0.0.RC4/3ca598b777aaac8d85885d45bd48ec505139b2b3/spring-expression-5.0.0.RC4.jar:/Users/aboutin/.gradle/caches/modules-2/files-2.1/org.springframework/spring-core/5.0.0.RC4/b3eb9c84526ee5dccf59cc2fd14be4ac5d954f4e/spring-core-5.0.0.RC4.jar:/Users/aboutin/.gradle/caches/modules-2/files-2.1/com.zaxxer/HikariCP/2.7.1/5492f5fd78d3bf8df83e14ad996aa1077b594040/HikariCP-2.7.1.jar:/Users/aboutin/.gradle/caches/modules-2/files-2.1/org.springframework.boot/spring-boot-starter-logging/2.0.0.M4/df32b4ae1d8281df491014260e4337a5a00e5d5e/spring-boot-starter-logging-2.0.0.M4.jar:/Users/aboutin/.gradle/caches/modules-2/files-2.1/javax.annotation/javax.annotation-api/1.3/67747496d8b5c1f300ed3cde4ba69d6f453ba984/javax.annotation-api-1.3.jar:/Users/aboutin/.gradle/caches/modules-2/files-2.1/org.yaml/snakeyaml/1.18/e4a441249ade301985cb8d009d4e4a72b85bf68e/snakeyaml-1.18.jar:/Users/aboutin/.gradle/caches/modules-2/files-2.1/com.fasterxml.jackson.datatype/jackson-datatype-jdk8/2.9.1/dc5c9b4349c1c18388aa1ec5a9264e6893b732a8/jackson-datatype-jdk8-2.9.1.jar:/Users/aboutin/.gradle/caches/modules-2/files-2.1/com.fasterxml.jackson.datatype/jackson-datatype-jsr310/2.9.1/dbac0f60c8ea8c6e6cc6a761c0d8f300296fcf3d/jackson-datatype-jsr310-2.9.1.jar:/Users/aboutin/.gradle/caches/modules-2/files-2.1/com.fasterxml.jackson.module/jackson-module-parameter-names/2.9.1/df51ae82d0878f62f7bdcbd47d423e3cde04b3ef/jackson-module-parameter-names-2.9.1.jar:/Users/aboutin/.gradle/caches/modules-2/files-2.1/com.fasterxml.jackson.module/jackson-module-kotlin/2.9.1/cf37d75de23b87a664ea0b497b04fc601a783f2a/jackson-module-kotlin-2.9.1.jar:/Users/aboutin/.gradle/caches/modules-2/files-2.1/com.fasterxml.jackson.core/jackson-databind/2.9.1/716da1830a2043f18882fc036ec26eb32cbe5aff/jackson-databind-2.9.1.jar:/Users/aboutin/.gradle/caches/modules-2/files-2.1/org.apache.tomcat.embed/tomcat-embed-websocket/8.5.20/4df9055507926a2651f691cc9964c50493a0ab29/tomcat-embed-websocket-8.5.20.jar:/Users/aboutin/.gradle/caches/modules-2/files-2.1/org.apache.tomcat.embed/tomcat-embed-core/8.5.20/b9026ee20f1f6a2b0fc3e51dd806d800901448b0/tomcat-embed-core-8.5.20.jar:/Users/aboutin/.gradle/caches/modules-2/files-2.1/org.apache.tomcat.embed/tomcat-embed-el/8.5.20/42960f481a8a80f4ffd3b865c2232820e3565bf1/tomcat-embed-el-8.5.20.jar:/Users/aboutin/.gradle/caches/modules-2/files-2.1/javax.validation/validation-api/1.1.0.Final/8613ae82954779d518631e05daa73a6a954817d5/validation-api-1.1.0.Final.jar:/Users/aboutin/.gradle/caches/modules-2/files-2.1/org.jboss.logging/jboss-logging/3.3.1.Final/c46217ab74b532568c0ed31dc599db3048bd1b67/jboss-logging-3.3.1.Final.jar:/Users/aboutin/.gradle/caches/modules-2/files-2.1/com.fasterxml/classmate/1.3.4/3d5f48f10bbe4eb7bd862f10c0583be2e0053c6/classmate-1.3.4.jar:/Users/aboutin/.gradle/caches/modules-2/files-2.1/net.minidev/json-smart/2.3/7396407491352ce4fa30de92efb158adb76b5b/json-smart-2.3.jar:/Users/aboutin/.gradle/caches/modules-2/files-2.1/ch.qos.logback/logback-classic/1.2.3/7c4f3c474fb2c041d8028740440937705ebb473a/logback-classic-1.2.3.jar:/Users/aboutin/.gradle/caches/modules-2/files-2.1/org.slf4j/jul-to-slf4j/1.7.25/af5364cd6679bfffb114f0dec8a157aaa283b76/jul-to-slf4j-1.7.25.jar:/Users/aboutin/.gradle/caches/modules-2/files-2.1/org.slf4j/log4j-over-slf4j/1.7.25/a87bb47468f47ee7aabbd54f93e133d4215769c3/log4j-over-slf4j-1.7.25.jar:/Users/aboutin/.gradle/caches/modules-2/files-2.1/org.slf4j/slf4j-api/1.7.25/da76ca59f6a57ee3102f8f9bd9cee742973efa8a/slf4j-api-1.7.25.jar:/Users/aboutin/.gradle/caches/modules-2/files-2.1/net.bytebuddy/byte-buddy/1.7.5/baf12b76298eed6a244d9a4de6b5c3baa27ffa0e/byte-buddy-1.7.5.jar:/Users/aboutin/.gradle/caches/modules-2/files-2.1/net.bytebuddy/byte-buddy-agent/1.7.5/a1b09c42c7d94a3e6e18da0155fcb4067327f199/byte-buddy-agent-1.7.5.jar:/Users/aboutin/.gradle/caches/modules-2/files-2.1/org.objenesis/objenesis/2.6/639033469776fd37c08358c6b92a4761feb2af4b/objenesis-2.6.jar:/Users/aboutin/.gradle/caches/modules-2/files-2.1/com.vaadin.external.google/android-json/0.0.20131108.vaadin1/fa26d351fe62a6a17f5cda1287c1c6110dec413f/android-json-0.0.20131108.vaadin1.jar:/Users/aboutin/.gradle/caches/modules-2/files-2.1/org.springframework/spring-jcl/5.0.0.RC4/4bfa3091e3d3860badd2f9ef1ec14dfa0e1607dc/spring-jcl-5.0.0.RC4.jar:/Users/aboutin/.gradle/caches/modules-2/files-2.1/com.fasterxml.jackson.core/jackson-annotations/2.9.0/7c10d545325e3a6e72e06381afe469fd40eb701/jackson-annotations-2.9.0.jar:/Users/aboutin/.gradle/caches/modules-2/files-2.1/com.fasterxml.jackson.core/jackson-core/2.9.1/60077fe98b11e4e7cf8af9b20609326a166d6ac4/jackson-core-2.9.1.jar:/Users/aboutin/.gradle/caches/modules-2/files-2.1/net.minidev/accessors-smart/1.2/c592b500269bfde36096641b01238a8350f8aa31/accessors-smart-1.2.jar:/Users/aboutin/.gradle/caches/modules-2/files-2.1/ch.qos.logback/logback-core/1.2.3/864344400c3d4d92dfeb0a305dc87d953677c03c/logback-core-1.2.3.jar:/Users/aboutin/.gradle/caches/modules-2/files-2.1/org.ow2.asm/asm/5.0.4/da08b8cce7bbf903602a25a3a163ae252435795/asm-5.0.4.jar, user.name=aboutin, java.vm.specification.version=1.8, sun.java.command=worker.org.gradle.process.internal.worker.GradleWorkerMain 'Gradle Test Executor 1', java.home=/Library/Java/JavaVirtualMachines/jdk1.8.0_111.jdk/Contents/Home/jre, sun.arch.data.model=64, user.language=en, java.specification.vendor=Oracle Corporation, awt.toolkit=sun.lwawt.macosx.LWCToolkit, java.vm.info=mixed mode, java.version=1.8.0_111, java.ext.dirs=/Users/aboutin/Library/Java/Extensions:/Library/Java/JavaVirtualMachines/jdk1.8.0_111.jdk/Contents/Home/jre/lib/ext:/Library/Java/Extensions:/Network/Library/Java/Extensions:/System/Library/Java/Extensions:/usr/lib/java, sun.boot.class.path=/Library/Java/JavaVirtualMachines/jdk1.8.0_111.jdk/Contents/Home/jre/lib/resources.jar:/Library/Java/JavaVirtualMachines/jdk1.8.0_111.jdk/Contents/Home/jre/lib/rt.jar:/Library/Java/JavaVirtualMachines/jdk1.8.0_111.jdk/Contents/Home/jre/lib/sunrsasign.jar:/Library/Java/JavaVirtualMachines/jdk1.8.0_111.jdk/Contents/Home/jre/lib/jsse.jar:/Library/Java/JavaVirtualMachines/jdk1.8.0_111.jdk/Contents/Home/jre/lib/jce.jar:/Library/Java/JavaVirtualMachines/jdk1.8.0_111.jdk/Contents/Home/jre/lib/charsets.jar:/Library/Java/JavaVirtualMachines/jdk1.8.0_111.jdk/Contents/Home/jre/lib/jfr.jar:/Library/Java/JavaVirtualMachines/jdk1.8.0_111.jdk/Contents/Home/jre/classes, java.vendor=Oracle Corporation, org.gradle.test.worker=1, file.separator=/, java.vendor.url.bug=http://bugreport.sun.com/bugreport/, sun.io.unicode.encoding=UnicodeBig, sun.cpu.endian=little, socksNonProxyHosts=local|*.local|169.254/16|*.169.254/16, ftp.nonProxyHosts=local|*.local|169.254/16|*.169.254/16, sun.cpu.isalist=}}, SystemEnvironmentPropertySource@829294026 {name='systemEnvironment', properties={PATH=/Users/aboutin/.rvm/gems/ruby-2.2.6/bin:/Users/aboutin/.rvm/gems/ruby-2.2.6@global/bin:/Users/aboutin/.rvm/rubies/ruby-2.2.6/bin:/usr/local/bin:/usr/bin:/bin:/usr/sbin:/sbin:/usr/local/munki:/Users/aboutin/.rvm/gems/ruby-2.2.6/bin:/Users/aboutin/.rvm/gems/ruby-2.2.6@global/bin:/Users/aboutin/.rvm/rubies/ruby-2.2.6/bin:/Users/aboutin/.rvm/bin:/Users/aboutin/.rvm/bin, IRBRC=/Users/aboutin/.rvm/rubies/ruby-2.2.6/.irbrc, JAVA_MAIN_CLASS_3062=worker.org.gradle.process.internal.worker.GradleWorkerMain, _system_arch=x86_64, rvm_bin_path=/Users/aboutin/.rvm/bin, WORKON_HOME=/Users/aboutin/.virtualenvs, JAVA_HOME=/Library/Java/JavaVirtualMachines/jdk1.8.0_111.jdk/Contents/Home, TERM=xterm-256color, rvm_prefix=/Users/aboutin, COMMAND_MODE=unix2003, VIRTUALENVWRAPPER_SCRIPT=/usr/local/bin/virtualenvwrapper.sh, rvm_loaded_flag=1, VIRTUALENVWRAPPER_WORKON_CD=1, LOGNAME=aboutin, rvm_version=1.28.0 (latest), XPC_SERVICE_NAME=0, PWD=/Users/aboutin/skeleton/api, VIRTUALENVWRAPPER_VIRTUALENV_ARGS=--no-site-packages, rvm_user_install_flag=1, JAVA_MAIN_CLASS_3051=org.gradle.wrapper.GradleWrapperMain, SHELL=/bin/bash, _system_type=Darwin, MY_RUBY_HOME=/Users/aboutin/.rvm/rubies/ruby-2.2.6, SECURITYSESSIONID=186a7, _system_version=10.12, OLDPWD=/Users/aboutin/skeleton/api, VIRTUALENVWRAPPER_HOOK_DIR=/Users/aboutin/.virtualenvs, USER=aboutin, GEM_HOME=/Users/aboutin/.rvm/gems/ruby-2.2.6, APP_ICON_3051=/Users/aboutin/skeleton/api/media/gradle.icns, PIP_RESPECT_VIRTUALENV=true, rvm_path=/Users/aboutin/.rvm, TMPDIR=/var/folders/dj/qd3n56_n37l11k57m1f853hjjm04lf/T/, rvm_stored_umask=0022, SSH_AUTH_SOCK=/private/tmp/com.apple.launchd.7VaApOHCvR/Listeners, RUBY_VERSION=ruby-2.2.6, GEM_PATH=/Users/aboutin/.rvm/gems/ruby-2.2.6:/Users/aboutin/.rvm/gems/ruby-2.2.6@global, XPC_FLAGS=0x0, VIRTUALENVWRAPPER_PROJECT_FILENAME=.project, _system_name=OSX, APP_NAME_3051=Gradle, __CF_USER_TEXT_ENCODING=0x6340126E:0x0:0x0, Apple_PubSub_Socket_Render=/private/tmp/com.apple.launchd.JCpVLn1XNB/Render, PIP_VIRTUALENV_BASE=/Users/aboutin/.virtualenvs, LC_CTYPE=en_US.UTF-8, SHLVL=1, HOME=/Users/aboutin}}]
08:05:35.682 [Test worker] DEBUG org.springframework.test.context.support.TestPropertySourceUtils - Adding inlined properties to environment: {spring.jmx.enabled=false, org.springframework.boot.test.context.SpringBootTestContextBootstrapper=true, server.port=-1}
08:05:35.683 [Test worker] DEBUG org.springframework.core.env.StandardEnvironment - Adding PropertySource 'Inlined Test Properties' with highest search precedence

  .   ____          _            __ _ _
 /\\ / ___'_ __ _ _(_)_ __  __ _ \ \ \ \
( ( )\___ | '_ | '_| | '_ \/ _` | \ \ \ \
 \\/  ___)| |_)| | | | | || (_| |  ) ) ) )
  '  |____| .__|_| |_|_| |_\__, | / / / /
 =========|_|==============|___/=/_/_/_/
 :: Spring Boot ::             (v2.0.0.M4)

2017-10-04 08:05:35.852  INFO 3062 --- [    Test worker] com.bbs.restapi.RestApiApplicationTests  : Starting RestApiApplicationTests on ttlm-aboutin with PID 3062 (started by aboutin in /Users/aboutin/skeleton/api)
2017-10-04 08:05:35.854  INFO 3062 --- [    Test worker] com.bbs.restapi.RestApiApplicationTests  : No active profile set, falling back to default profiles: default
2017-10-04 08:05:35.880  INFO 3062 --- [    Test worker] o.s.w.c.s.GenericWebApplicationContext   : Refreshing org.springframework.web.context.support.GenericWebApplicationContext@4178b48e: startup date [Wed Oct 04 08:05:35 EDT 2017]; root of context hierarchy
2017-10-04 08:05:37.247  INFO 3062 --- [    Test worker] s.w.s.m.m.a.RequestMappingHandlerAdapter : Looking for @ControllerAdvice: org.springframework.web.context.support.GenericWebApplicationContext@4178b48e: startup date [Wed Oct 04 08:05:35 EDT 2017]; root of context hierarchy
2017-10-04 08:05:37.312  INFO 3062 --- [    Test worker] s.w.s.m.m.a.RequestMappingHandlerMapping : Mapped "{[],methods=[GET]}" onto public java.lang.String com.bbs.restapi.Controller.hello(java.lang.String)
2017-10-04 08:05:37.313  INFO 3062 --- [    Test worker] s.w.s.m.m.a.RequestMappingHandlerMapping : Mapped "{[/tech],methods=[GET],produces=[application/json]}" onto public java.util.List<com.bbs.restapi.Technology> com.bbs.restapi.Controller.getTechnologies()
2017-10-04 08:05:37.314  INFO 3062 --- [    Test worker] s.w.s.m.m.a.RequestMappingHandlerMapping : Mapped "{[/tech/{id}],methods=[GET],produces=[application/json]}" onto public com.bbs.restapi.Technology com.bbs.restapi.Controller.getTechnology(int)
2017-10-04 08:05:37.314  INFO 3062 --- [    Test worker] s.w.s.m.m.a.RequestMappingHandlerMapping : Mapped "{[/tech],methods=[POST],consumes=[application/json]}" onto public void com.bbs.restapi.Controller.createTechnology(com.bbs.restapi.Technology)
2017-10-04 08:05:37.314  INFO 3062 --- [    Test worker] s.w.s.m.m.a.RequestMappingHandlerMapping : Mapped "{[/tech/{id}],methods=[PUT],consumes=[application/json]}" onto public void com.bbs.restapi.Controller.updateTechnology(int,com.bbs.restapi.Technology)
2017-10-04 08:05:37.315  INFO 3062 --- [    Test worker] s.w.s.m.m.a.RequestMappingHandlerMapping : Mapped "{[/tech/{id}],methods=[DELETE]}" onto public void com.bbs.restapi.Controller.deleteTechnology(int)
2017-10-04 08:05:37.316  INFO 3062 --- [    Test worker] s.w.s.m.m.a.RequestMappingHandlerMapping : Mapped "{[/error]}" onto public org.springframework.http.ResponseEntity<java.util.Map<java.lang.String, java.lang.Object>> org.springframework.boot.autoconfigure.web.servlet.error.BasicErrorController.error(javax.servlet.http.HttpServletRequest)
2017-10-04 08:05:37.317  INFO 3062 --- [    Test worker] s.w.s.m.m.a.RequestMappingHandlerMapping : Mapped "{[/error],produces=[text/html]}" onto public org.springframework.web.servlet.ModelAndView org.springframework.boot.autoconfigure.web.servlet.error.BasicErrorController.errorHtml(javax.servlet.http.HttpServletRequest,javax.servlet.http.HttpServletResponse)
2017-10-04 08:05:37.346  INFO 3062 --- [    Test worker] o.s.w.s.handler.SimpleUrlHandlerMapping  : Mapped URL path [/webjars/**] onto handler of type [class org.springframework.web.servlet.resource.ResourceHttpRequestHandler]
2017-10-04 08:05:37.346  INFO 3062 --- [    Test worker] o.s.w.s.handler.SimpleUrlHandlerMapping  : Mapped URL path [/**] onto handler of type [class org.springframework.web.servlet.resource.ResourceHttpRequestHandler]
2017-10-04 08:05:37.359  INFO 3062 --- [    Test worker] .m.m.a.ExceptionHandlerExceptionResolver : Detected @ExceptionHandler methods in exceptionController
2017-10-04 08:05:37.382  INFO 3062 --- [    Test worker] o.s.w.s.handler.SimpleUrlHandlerMapping  : Mapped URL path [/**/favicon.ico] onto handler of type [class org.springframework.web.servlet.resource.ResourceHttpRequestHandler]
2017-10-04 08:05:37.615  INFO 3062 --- [    Test worker] com.bbs.restapi.RestApiApplicationTests  : Started RestApiApplicationTests in 1.925 seconds (JVM running for 2.764)
]]></system-out>
  <system-err><![CDATA[]]></system-err>
</testsuite>
